\BOOKMARK [0][-]{dummy.1}{\376\377\000D\000e\000c\000l\000a\000r\000a\000t\000i\000o\000n\000\040\000o\000f\000\040\000A\000u\000t\000h\000o\000r\000s\000h\000i\000p}{}% 1
\BOOKMARK [0][-]{dummy.2}{\376\377\000A\000b\000s\000t\000r\000a\000c\000t}{}% 2
\BOOKMARK [0][-]{dummy.3}{\376\377\000A\000c\000k\000n\000o\000w\000l\000e\000d\000g\000e\000m\000e\000n\000t\000s}{}% 3
\BOOKMARK [0][-]{dummy.4}{\376\377\000A\000b\000b\000r\000e\000v\000i\000a\000t\000i\000o\000n\000s}{}% 4
\BOOKMARK [0][-]{chapter.7}{\376\377\0001\000\040\000I\000n\000t\000r\000o\000d\000u\000c\000t\000i\000o\000n}{}% 5
\BOOKMARK [1][-]{section.8}{\376\377\0001\000.\0001\000\040\000R\000e\000l\000a\000t\000e\000d\000\040\000W\000o\000r\000k}{chapter.7}% 6
\BOOKMARK [1][-]{section.9}{\376\377\0001\000.\0002\000\040\000O\000v\000e\000r\000v\000i\000e\000w}{chapter.7}% 7
\BOOKMARK [0][-]{chapter.10}{\376\377\0002\000\040\000B\000a\000c\000k\000g\000r\000o\000u\000n\000d}{}% 8
\BOOKMARK [1][-]{section.11}{\376\377\0002\000.\0001\000\040\000L\000L\000V\000M\000\040\000-\000\040\000T\000h\000e\000\040\000L\000o\000w\000\040\000L\000e\000v\000e\000l\000\040\000V\000i\000r\000t\000u\000a\000l\000\040\000M\000a\000c\000h\000i\000n\000e}{chapter.10}% 9
\BOOKMARK [1][-]{section.12}{\376\377\0002\000.\0002\000\040\000T\000h\000e\000\040\000P\000o\000l\000y\000h\000e\000d\000r\000a\000l\000\040\000M\000o\000d\000e\000l}{chapter.10}% 10
\BOOKMARK [1][-]{section.38}{\376\377\0002\000.\0003\000\040\000P\000o\000l\000l\000y\000\040\000-\000\040\000A\000\040\000P\000o\000l\000y\000h\000e\000d\000r\000a\000l\000\040\000O\000p\000t\000i\000m\000i\000z\000e\000r\000\040\000F\000o\000r\000\040\000L\000L\000V\000M}{chapter.10}% 11
\BOOKMARK [2][-]{subsection.39}{\376\377\0002\000.\0003\000.\0001\000\040\000S\000t\000a\000t\000i\000c\000\040\000C\000o\000n\000t\000r\000o\000l\000\040\000P\000a\000r\000t\000s}{section.38}% 12
\BOOKMARK [2][-]{subsection.41}{\376\377\0002\000.\0003\000.\0002\000\040\000S\000C\000o\000P\000\040\000D\000e\000t\000e\000c\000t\000i\000o\000n}{section.38}% 13
\BOOKMARK [2][-]{subsection.42}{\376\377\0002\000.\0003\000.\0003\000\040\000L\000o\000o\000p\000\040\000O\000p\000t\000i\000m\000i\000z\000a\000t\000i\000o\000n\000s}{section.38}% 14
\BOOKMARK [3][-]{subsubsection.43}{\376\377\0002\000.\0003\000.\0003\000.\0001\000\040\000P\000a\000r\000a\000l\000l\000e\000l\000\040\000C\000o\000d\000e\000\040\000G\000e\000n\000e\000r\000a\000t\000i\000o\000n}{subsection.42}% 15
\BOOKMARK [1][-]{section*.44}{\376\377\0002\000.\0004\000\040\000\040\000\040\000S\000a\000m\000b\000a\000m\000b\000a\000\040\000-\000\040\000A\000\040\000F\000r\000a\000m\000e\000w\000o\000r\000k\000\040\000F\000o\000r\000\040\000A\000d\000a\000p\000t\000i\000v\000e\000\040\000P\000r\000o\000g\000r\000a\000m\000\040\000O\000p\000t\000i\000m\000i\000z\000a\000t\000i\000o\000n}{chapter.10}% 16
\BOOKMARK [2][-]{subsection.46}{\376\377\0002\000.\0003\000.\0004\000\040\000S\000a\000m\000b\000a\000m\000b\000a\000s\000\040\000P\000a\000r\000a\000l\000l\000e\000l\000i\000z\000e\000r}{section*.44}% 17
\BOOKMARK [2][-]{subsection.48}{\376\377\0002\000.\0003\000.\0005\000\040\000P\000a\000r\000a\000l\000l\000e\000l\000\040\000C\000o\000n\000t\000r\000o\000l\000\040\000F\000l\000o\000w\000\040\000G\000r\000a\000p\000h\000s}{section*.44}% 18
\BOOKMARK [0][-]{chapter.50}{\376\377\0003\000\040\000C\000o\000n\000c\000e\000p\000t}{}% 19
\BOOKMARK [1][-]{section.51}{\376\377\0003\000.\0001\000\040\000S\000P\000o\000l\000l\000y\000\040\000I\000n\000\040\000A\000\040\000N\000u\000t\000s\000h\000e\000l\000l}{chapter.50}% 20
\BOOKMARK [1][-]{section.52}{\376\377\0003\000.\0002\000\040\000R\000e\000g\000i\000o\000n\000\040\000S\000c\000o\000r\000e\000s}{chapter.50}% 21
\BOOKMARK [0][-]{chapter.79}{\376\377\0004\000\040\000I\000m\000p\000l\000e\000m\000e\000n\000t\000a\000t\000i\000o\000n}{}% 22
\BOOKMARK [1][-]{section.81}{\376\377\0004\000.\0001\000\040\000S\000p\000e\000c\000u\000l\000a\000t\000i\000v\000e\000\040\000P\000o\000l\000l\000y}{chapter.79}% 23
\BOOKMARK [2][-]{subsection.83}{\376\377\0004\000.\0001\000.\0001\000\040\000S\000p\000e\000c\000u\000l\000a\000t\000i\000v\000e\000\040\000S\000C\000o\000P\000s}{section.81}% 24
\BOOKMARK [2][-]{subsection.84}{\376\377\0004\000.\0001\000.\0002\000\040\000R\000e\000g\000i\000o\000n\000\040\000S\000p\000e\000c\000u\000l\000a\000t\000i\000o\000n}{section.81}% 25
\BOOKMARK [3][-]{subsubsection.88}{\376\377\0004\000.\0001\000.\0002\000.\0001\000\040\000s\000S\000C\000o\000P\000\040\000e\000x\000t\000r\000a\000c\000t\000i\000o\000n}{subsection.84}% 26
\BOOKMARK [3][-]{subsubsection.89}{\376\377\0004\000.\0001\000.\0002\000.\0002\000\040\000s\000S\000C\000o\000P\000\040\000V\000e\000r\000s\000i\000o\000n\000s}{subsection.84}% 27
\BOOKMARK [3][-]{subsubsection.92}{\376\377\0004\000.\0001\000.\0002\000.\0003\000\040\000I\000n\000t\000r\000o\000d\000u\000c\000e\000d\000\040\000t\000e\000s\000t\000s}{subsection.84}% 28
\BOOKMARK [2][-]{subsection.146}{\376\377\0004\000.\0001\000.\0003\000\040\000C\000o\000d\000e\000\040\000G\000e\000n\000e\000r\000a\000t\000i\000o\000n}{section.81}% 29
\BOOKMARK [1][-]{section.172}{\376\377\0004\000.\0002\000\040\000S\000a\000m\000b\000a\000m\000a\000\040\000C\000o\000m\000p\000i\000l\000e\000\040\000T\000i\000m\000e\000\040\000M\000o\000d\000u\000l\000e}{chapter.79}% 30
\BOOKMARK [1][-]{section.173}{\376\377\0004\000.\0003\000\040\000S\000a\000m\000b\000a\000m\000a\000\040\000R\000u\000n\000t\000i\000m\000e\000\040\000M\000o\000d\000u\000l\000e}{chapter.79}% 31
\BOOKMARK [2][-]{subsection.175}{\376\377\0004\000.\0003\000.\0001\000\040\000P\000r\000o\000f\000i\000l\000i\000n\000g}{section.173}% 32
\BOOKMARK [1][-]{section.176}{\376\377\0004\000.\0004\000\040\000P\000r\000o\000f\000i\000l\000i\000n\000g\000\040\000F\000o\000r\000\040\000S\000a\000m\000b\000a\000m\000b\000a}{chapter.79}% 33
\BOOKMARK [0][-]{chapter.177}{\376\377\0005\000\040\000E\000v\000a\000l\000u\000a\000t\000i\000o\000n}{}% 34
\BOOKMARK [1][-]{section.178}{\376\377\0005\000.\0001\000\040\000T\000h\000e\000\040\000E\000n\000v\000i\000r\000o\000n\000m\000e\000n\000t}{chapter.177}% 35
\BOOKMARK [1][-]{section.180}{\376\377\0005\000.\0002\000\040\000C\000o\000m\000p\000i\000l\000e\000\040\000T\000i\000m\000e\000\040\000E\000v\000a\000l\000u\000a\000t\000i\000o\000n}{chapter.177}% 36
\BOOKMARK [2][-]{subsection.181}{\376\377\0005\000.\0002\000.\0001\000\040\000P\000r\000e\000p\000e\000r\000a\000t\000i\000o\000n}{section.180}% 37
\BOOKMARK [2][-]{subsection.182}{\376\377\0005\000.\0002\000.\0002\000\040\000Q\000u\000a\000n\000t\000i\000t\000a\000t\000i\000v\000e\000\040\000R\000e\000s\000u\000l\000t\000s}{section.180}% 38
\BOOKMARK [3][-]{subsubsection.183}{\376\377\0005\000.\0002\000.\0002\000.\0001\000\040\000S\000P\000E\000C\0002\0000\0000\0000}{subsection.182}% 39
\BOOKMARK [3][-]{subsubsection.185}{\376\377\0005\000.\0002\000.\0002\000.\0002\000\040\000P\000o\000l\000y\000b\000e\000n\000c\000h\000\040\0003\000.\0002}{subsection.182}% 40
\BOOKMARK [3][-]{subsubsection.188}{\376\377\0005\000.\0002\000.\0002\000.\0003\000\040\000A\000v\000a\000i\000l\000a\000b\000l\000e\000\040\000t\000e\000s\000t\000s}{subsection.182}% 41
\BOOKMARK [2][-]{subsection.191}{\376\377\0005\000.\0002\000.\0003\000\040\000S\000o\000u\000n\000d\000\040\000T\000r\000a\000n\000s\000f\000o\000r\000m\000a\000t\000i\000o\000n\000s}{section.180}% 42
\BOOKMARK [1][-]{section.192}{\376\377\0005\000.\0003\000\040\000R\000u\000n\000t\000i\000m\000e\000\040\000E\000v\000a\000l\000u\000a\000t\000i\000o\000n}{chapter.177}% 43
\BOOKMARK [1][-]{section.193}{\376\377\0005\000.\0004\000\040\000P\000r\000o\000b\000l\000e\000m\000s}{chapter.177}% 44
\BOOKMARK [0][-]{chapter.195}{\376\377\0006\000\040\000C\000a\000s\000e\000\040\000S\000t\000u\000d\000y}{}% 45
\BOOKMARK [1][-]{section.196}{\376\377\0006\000.\0001\000\040\000M\000a\000t\000r\000i\000x\000\040\000M\000u\000l\000t\000i\000p\000l\000i\000c\000a\000t\000i\000o\000n}{chapter.195}% 46
\BOOKMARK [2][-]{subsection.197}{\376\377\0006\000.\0001\000.\0001\000\040\000C\000a\000s\000e\000\040\000A}{section.196}% 47
\BOOKMARK [2][-]{subsection.212}{\376\377\0006\000.\0001\000.\0002\000\040\000C\000a\000s\000e\000\040\000B}{section.196}% 48
\BOOKMARK [2][-]{subsection.226}{\376\377\0006\000.\0001\000.\0003\000\040\000C\000a\000s\000e\000\040\000C}{section.196}% 49
\BOOKMARK [0][-]{chapter.241}{\376\377\0007\000\040\000C\000o\000n\000c\000l\000u\000s\000i\000o\000n}{}% 50
\BOOKMARK [0][-]{appendix.242}{\376\377\000A\000\040\000C\000a\000s\000e\000\040\000S\000t\000u\000d\000y\000\040\000S\000o\000u\000r\000c\000e\000\040\000C\000o\000d\000e}{}% 51
\BOOKMARK [0][-]{appendix.298}{\376\377\000B\000\040\000S\000P\000o\000l\000l\000y\000\040\000A\000s\000\040\000S\000t\000a\000t\000i\000c\000\040\000O\000p\000t\000i\000m\000i\000z\000e\000r\000\040\000P\000a\000s\000s}{}% 52
\BOOKMARK [0][-]{dummy.301}{\376\377\000B\000i\000b\000l\000i\000o\000g\000r\000a\000p\000h\000y}{}% 53
