This is pdfTeX, Version 3.1415926-2.3-1.40.12 (TeX Live 2012/dev/Arch Linux) (format=pdflatex 2012.4.4)  29 APR 2012 17:04
entering extended mode
 restricted \write18 enabled.
 %&-line parsing enabled.
**./Thesis.tex
(./Thesis.tex
LaTeX2e <2011/06/27>
Babel <v3.8m> and hyphenation patterns for english, dumylang, nohyphenation, ge
rman-x-2011-07-01, ngerman-x-2011-07-01, afrikaans, ancientgreek, ibycus, arabi
c, armenian, basque, bulgarian, catalan, pinyin, coptic, croatian, czech, danis
h, dutch, ukenglish, usenglishmax, esperanto, estonian, ethiopic, farsi, finnis
h, french, galician, german, ngerman, swissgerman, monogreek, greek, hungarian,
 icelandic, assamese, bengali, gujarati, hindi, kannada, malayalam, marathi, or
iya, panjabi, tamil, telugu, indonesian, interlingua, irish, italian, kurmanji,
 lao, latin, latvian, lithuanian, mongolian, mongolianlmc, bokmal, nynorsk, pol
ish, portuguese, romanian, russian, sanskrit, serbian, serbianc, slovak, sloven
ian, spanish, swedish, turkish, turkmen, ukrainian, uppersorbian, welsh, loaded
.
(./Thesis.cls
Document Class: Thesis 2007/22/02 v1.0 LaTeX document class
(/usr/share/texmf-dist/tex/latex/base/book.cls
Document Class: book 2007/10/19 v1.4h Standard LaTeX document class
(/usr/share/texmf-dist/tex/latex/base/bk11.clo
File: bk11.clo 2007/10/19 v1.4h Standard LaTeX file (size option)
)
\c@part=\count79
\c@chapter=\count80
\c@section=\count81
\c@subsection=\count82
\c@subsubsection=\count83
\c@paragraph=\count84
\c@subparagraph=\count85
\c@figure=\count86
\c@table=\count87
\abovecaptionskip=\skip41
\belowcaptionskip=\skip42
\bibindent=\dimen102
)
(/usr/share/texmf-dist/tex/latex/setspace/setspace.sty
Package: setspace 2000/12/01 6.7 Contributed and Supported LaTeX2e package

Package: `setspace' 6.7 <2000/12/01>
) (/usr/share/texmf-dist/tex/latex/vmargin/vmargin.sty
Package: vmargin 2004/07/15 V2.5 set document margins (VK)

Package: vmargin 2004/07/15 V2.5 set document margins (VK)
\PaperWidth=\dimen103
\PaperHeight=\dimen104
) (/usr/share/texmf-dist/tex/latex/fancyhdr/fancyhdr.sty
\fancy@headwidth=\skip43
\f@ncyO@elh=\skip44
\f@ncyO@erh=\skip45
\f@ncyO@olh=\skip46
\f@ncyO@orh=\skip47
\f@ncyO@elf=\skip48
\f@ncyO@erf=\skip49
\f@ncyO@olf=\skip50
\f@ncyO@orf=\skip51
)
(/usr/share/texmf-dist/tex/latex/amsmath/amsmath.sty
Package: amsmath 2000/07/18 v2.13 AMS math features
\@mathmargin=\skip52

For additional information on amsmath, use the `?' option.
(/usr/share/texmf-dist/tex/latex/amsmath/amstext.sty
Package: amstext 2000/06/29 v2.01

(/usr/share/texmf-dist/tex/latex/amsmath/amsgen.sty
File: amsgen.sty 1999/11/30 v2.0
\@emptytoks=\toks14
\ex@=\dimen105
))
(/usr/share/texmf-dist/tex/latex/amsmath/amsbsy.sty
Package: amsbsy 1999/11/29 v1.2d
\pmbraise@=\dimen106
)
(/usr/share/texmf-dist/tex/latex/amsmath/amsopn.sty
Package: amsopn 1999/12/14 v2.01 operator names
)
\inf@bad=\count88
LaTeX Info: Redefining \frac on input line 211.
\uproot@=\count89
\leftroot@=\count90
LaTeX Info: Redefining \overline on input line 307.
\classnum@=\count91
\DOTSCASE@=\count92
LaTeX Info: Redefining \ldots on input line 379.
LaTeX Info: Redefining \dots on input line 382.
LaTeX Info: Redefining \cdots on input line 467.
\Mathstrutbox@=\box26
\strutbox@=\box27
\big@size=\dimen107
LaTeX Font Info:    Redeclaring font encoding OML on input line 567.
LaTeX Font Info:    Redeclaring font encoding OMS on input line 568.
\macc@depth=\count93
\c@MaxMatrixCols=\count94
\dotsspace@=\muskip10
\c@parentequation=\count95
\dspbrk@lvl=\count96
\tag@help=\toks15
\row@=\count97
\column@=\count98
\maxfields@=\count99
\andhelp@=\toks16
\eqnshift@=\dimen108
\alignsep@=\dimen109
\tagshift@=\dimen110
\tagwidth@=\dimen111
\totwidth@=\dimen112
\lineht@=\dimen113
\@envbody=\toks17
\multlinegap=\skip53
\multlinetaggap=\skip54
\mathdisplay@stack=\toks18
LaTeX Info: Redefining \[ on input line 2666.
LaTeX Info: Redefining \] on input line 2667.
)
(/usr/share/texmf-dist/tex/latex/amsfonts/amsfonts.sty
Package: amsfonts 2009/06/22 v3.00 Basic AMSFonts support
\symAMSa=\mathgroup4
\symAMSb=\mathgroup5
LaTeX Font Info:    Overwriting math alphabet `\mathfrak' in version `bold'
(Font)                  U/euf/m/n --> U/euf/b/n on input line 96.
)
(/usr/share/texmf-dist/tex/latex/amsfonts/amssymb.sty
Package: amssymb 2009/06/22 v3.00
)
(/usr/share/texmf-dist/tex/latex/amsmath/amscd.sty
Package: amscd 1999/11/29 v1.2d
\athelp@=\toks19
\minaw@=\dimen114
\bigaw@=\dimen115
\minCDarrowwidth=\dimen116
)
(/usr/share/texmf-dist/tex/latex/amscls/amsthm.sty
Package: amsthm 2009/07/02 v2.20.1
\thm@style=\toks20
\thm@bodyfont=\toks21
\thm@headfont=\toks22
\thm@notefont=\toks23
\thm@headpunct=\toks24
\thm@preskip=\skip55
\thm@postskip=\skip56
\thm@headsep=\skip57
\dth@everypar=\toks25
)
(/usr/share/texmf-dist/tex/latex/tools/xspace.sty
Package: xspace 2009/10/20 v1.13 Space after command names (DPC,MH)
)
\c@example=\count100
\c@theorem=\count101

(/usr/share/texmf-dist/tex/latex/caption/caption.sty
Package: caption 2011/11/10 v3.2e Customizing captions (AR)

(/usr/share/texmf-dist/tex/latex/caption/caption3.sty
Package: caption3 2011/11/01 v1.4a caption3 kernel (AR)

(/usr/share/texmf-dist/tex/latex/graphics/keyval.sty
Package: keyval 1999/03/16 v1.13 key=value parser (DPC)
\KV@toks@=\toks26
)
\captionmargin=\dimen117
\captionmargin@=\dimen118
\captionwidth=\dimen119
\caption@indent=\dimen120
\caption@parindent=\dimen121
\caption@hangindent=\dimen122
)
\c@ContinuedFloat=\count102
)
(/usr/share/texmf-dist/tex/latex/graphics/graphicx.sty
Package: graphicx 1999/02/16 v1.0f Enhanced LaTeX Graphics (DPC,SPQR)

(/usr/share/texmf-dist/tex/latex/graphics/graphics.sty
Package: graphics 2009/02/05 v1.0o Standard LaTeX Graphics (DPC,SPQR)

(/usr/share/texmf-dist/tex/latex/graphics/trig.sty
Package: trig 1999/03/16 v1.09 sin cos tan (DPC)
)
(/usr/share/texmf-dist/tex/latex/latexconfig/graphics.cfg
File: graphics.cfg 2010/04/23 v1.9 graphics configuration of TeX Live
)
Package graphics Info: Driver file: pdftex.def on input line 91.

(/usr/share/texmf-dist/tex/latex/pdftex-def/pdftex.def
File: pdftex.def 2011/05/27 v0.06d Graphics/color for pdfTeX

(/usr/share/texmf-dist/tex/generic/oberdiek/infwarerr.sty
Package: infwarerr 2010/04/08 v1.3 Providing info/warning/message (HO)
)
(/usr/share/texmf-dist/tex/generic/oberdiek/ltxcmds.sty
Package: ltxcmds 2011/04/18 v1.20 LaTeX kernel commands for general use (HO)
)
\Gread@gobject=\count103
))
\Gin@req@height=\dimen123
\Gin@req@width=\dimen124
)
(/usr/share/texmf-dist/tex/latex/oberdiek/epstopdf.sty
Package: epstopdf 2010/02/09 v2.5 Conversion with epstopdf on the fly (HO)

(/usr/share/texmf-dist/tex/latex/oberdiek/epstopdf-base.sty
Package: epstopdf-base 2010/02/09 v2.5 Base part for package epstopdf

(/usr/share/texmf-dist/tex/latex/oberdiek/grfext.sty
Package: grfext 2010/08/19 v1.1 Managing graphics extensions (HO)

(/usr/share/texmf-dist/tex/generic/oberdiek/kvdefinekeys.sty
Package: kvdefinekeys 2011/04/07 v1.3 Defining keys (HO)
))
(/usr/share/texmf-dist/tex/latex/oberdiek/kvoptions.sty
Package: kvoptions 2010/12/23 v3.10 Keyval support for LaTeX options (HO)

(/usr/share/texmf-dist/tex/generic/oberdiek/kvsetkeys.sty
Package: kvsetkeys 2011/04/07 v1.13 Key value parser (HO)

(/usr/share/texmf-dist/tex/generic/oberdiek/etexcmds.sty
Package: etexcmds 2011/02/16 v1.5 Prefix for e-TeX command names (HO)

(/usr/share/texmf-dist/tex/generic/oberdiek/ifluatex.sty
Package: ifluatex 2010/03/01 v1.3 Provides the ifluatex switch (HO)
Package ifluatex Info: LuaTeX not detected.
)
Package etexcmds Info: Could not find \expanded.
(etexcmds)             That can mean that you are not using pdfTeX 1.50 or
(etexcmds)             that some package has redefined \expanded.
(etexcmds)             In the latter case, load this package earlier.
)))
(/usr/share/texmf-dist/tex/generic/oberdiek/pdftexcmds.sty
Package: pdftexcmds 2011/04/22 v0.16 Utilities of pdfTeX for LuaTeX (HO)

(/usr/share/texmf-dist/tex/generic/oberdiek/ifpdf.sty
Package: ifpdf 2011/01/30 v2.3 Provides the ifpdf switch (HO)
Package ifpdf Info: pdfTeX in PDF mode is detected.
)
Package pdftexcmds Info: LuaTeX not detected.
Package pdftexcmds Info: \pdf@primitive is available.
Package pdftexcmds Info: \pdf@ifprimitive is available.
Package pdftexcmds Info: \pdfdraftmode found.
)
Package grfext Info: Graphics extension search list:
(grfext)             [.png,.pdf,.jpg,.mps,.jpeg,.jbig2,.jb2,.PNG,.PDF,.JPG,.JPE
G,.JBIG2,.JB2,.eps]
(grfext)             \AppendGraphicsExtensions on input line 452.

(/usr/share/texmf-dist/tex/latex/latexconfig/epstopdf-sys.cfg
File: epstopdf-sys.cfg 2010/07/13 v1.3 Configuration of (r)epstopdf for TeX Liv
e
)))
(/usr/share/texmf-dist/tex/latex/subfig/subfig.sty
Package: subfig 2005/06/28 ver: 1.3 subfig package
\c@KVtest=\count104
\sf@farskip=\skip58
\sf@captopadj=\dimen125
\sf@capskip=\skip59
\sf@nearskip=\skip60
\c@subfigure=\count105
\c@subfigure@save=\count106
\c@lofdepth=\count107
\c@subtable=\count108
\c@subtable@save=\count109
\c@lotdepth=\count110
\sf@top=\skip61
\sf@bottom=\skip62
)
(/usr/share/texmf-dist/tex/latex/booktabs/booktabs.sty
Package: booktabs 2005/04/14 v1.61803 publication quality tables
\heavyrulewidth=\dimen126
\lightrulewidth=\dimen127
\cmidrulewidth=\dimen128
\belowrulesep=\dimen129
\belowbottomsep=\dimen130
\aboverulesep=\dimen131
\abovetopsep=\dimen132
\cmidrulesep=\dimen133
\cmidrulekern=\dimen134
\defaultaddspace=\dimen135
\@cmidla=\count111
\@cmidlb=\count112
\@aboverulesep=\dimen136
\@belowrulesep=\dimen137
\@thisruleclass=\count113
\@lastruleclass=\count114
\@thisrulewidth=\dimen138
)
(/usr/share/texmf-dist/tex/latex/rotating/rotating.sty
Package: rotating 2009/03/28 v2.16a rotated objects in LaTeX

(/usr/share/texmf-dist/tex/latex/base/ifthen.sty
Package: ifthen 2001/05/26 v1.1c Standard LaTeX ifthen package (DPC)
)
\c@r@tfl@t=\count115
\rotFPtop=\skip63
\rotFPbot=\skip64
\rot@float@box=\box28
\rot@mess@toks=\toks27
)
(/usr/share/texmf-dist/tex/latex/listings/listings.sty
\lst@mode=\count116
\lst@gtempboxa=\box29
\lst@token=\toks28
\lst@length=\count117
\lst@currlwidth=\dimen139
\lst@column=\count118
\lst@pos=\count119
\lst@lostspace=\dimen140
\lst@width=\dimen141
\lst@newlines=\count120
\lst@lineno=\count121
\lst@maxwidth=\dimen142
 (./lstpatch.sty

***
*** This is a patch for listings 1.3, but you're using
*** version 1.4.
***
*** Patch file not loaded.
***

) (/usr/share/texmf-dist/tex/latex/listings/lstmisc.sty
File: lstmisc.sty 2007/02/22 1.4 (Carsten Heinz)
\c@lstnumber=\count122
\lst@skipnumbers=\count123
\lst@framebox=\box30
)
(/usr/share/texmf-dist/tex/latex/listings/listings.cfg
File: listings.cfg 2007/02/22 1.4 listings configuration
))
Package: listings 2007/02/22 1.4 (Carsten Heinz)
 (./lstpatch.sty

***
*** This is a patch for listings 1.3, but you're using
*** version 1.4.
***
 *** Patch file not loaded.
***

) (/usr/share/texmf-dist/tex/latex/graphics/color.sty
Package: color 2005/11/14 v1.0j Standard LaTeX Color (DPC)

(/usr/share/texmf-dist/tex/latex/latexconfig/color.cfg
File: color.cfg 2007/01/18 v1.5 color configuration of teTeX/TeXLive
)
Package color Info: Driver file: pdftex.def on input line 130.
)
(/usr/share/texmf-dist/tex/latex/xcolor/xcolor.sty
Package: xcolor 2007/01/21 v2.11 LaTeX color extensions (UK)

(/usr/share/texmf-dist/tex/latex/latexconfig/color.cfg
File: color.cfg 2007/01/18 v1.5 color configuration of teTeX/TeXLive
)
Package xcolor Info: Package option `usenames' ignored on input line 216.
Package xcolor Info: Driver file: pdftex.def on input line 225.
LaTeX Info: Redefining \color on input line 702.
Package xcolor Info: Model `cmy' substituted by `cmy0' on input line 1337.
Package xcolor Info: Model `hsb' substituted by `rgb' on input line 1341.
Package xcolor Info: Model `RGB' extended on input line 1353.
Package xcolor Info: Model `HTML' substituted by `rgb' on input line 1355.
Package xcolor Info: Model `Hsb' substituted by `hsb' on input line 1356.
Package xcolor Info: Model `tHsb' substituted by `hsb' on input line 1357.
Package xcolor Info: Model `HSB' substituted by `hsb' on input line 1358.
Package xcolor Info: Model `Gray' substituted by `gray' on input line 1359.
Package xcolor Info: Model `wave' substituted by `hsb' on input line 1360.

(/usr/share/texmf-dist/tex/latex/graphics/dvipsnam.def
File: dvipsnam.def 1999/02/16 v3.0i Driver-dependant file (DPC,SPQR)
))
(/usr/share/texmf-dist/tex/latex/titlesec/titlesec.sty
Package: titlesec 2011/11/11 v2.9.2 Sectioning titles
\ttl@box=\box31
\beforetitleunit=\skip65
\aftertitleunit=\skip66
\ttl@plus=\dimen143
\ttl@minus=\dimen144
\ttl@toksa=\toks29
\titlewidth=\dimen145
\titlewidthlast=\dimen146
\titlewidthfirst=\dimen147
)
(/usr/share/texmf-dist/tex/latex/tocloft/tocloft.sty
Package: tocloft 2010/10/13 v2.3e parameterised ToC, etc., typesetting
Package tocloft Info: The document has chapter divisions on input line 43.
\cftparskip=\skip67
\cftbeforetoctitleskip=\skip68
\cftaftertoctitleskip=\skip69
\cftbeforepartskip=\skip70
\cftpartnumwidth=\skip71
\cftpartindent=\skip72
\cftbeforechapskip=\skip73
\cftchapindent=\skip74
\cftchapnumwidth=\skip75
\cftbeforesecskip=\skip76
\cftsecindent=\skip77
\cftsecnumwidth=\skip78
\cftbeforesubsecskip=\skip79
\cftsubsecindent=\skip80
\cftsubsecnumwidth=\skip81
\cftbeforesubsubsecskip=\skip82
\cftsubsubsecindent=\skip83
\cftsubsubsecnumwidth=\skip84
\cftbeforeparaskip=\skip85
\cftparaindent=\skip86
\cftparanumwidth=\skip87
\cftbeforesubparaskip=\skip88
\cftsubparaindent=\skip89
\cftsubparanumwidth=\skip90
\cftbeforeloftitleskip=\skip91
\cftafterloftitleskip=\skip92
\cftbeforefigskip=\skip93
\cftfigindent=\skip94
\cftfignumwidth=\skip95
\cftbeforelottitleskip=\skip96
\cftafterlottitleskip=\skip97
\cftbeforetabskip=\skip98
\cfttabindent=\skip99
\cfttabnumwidth=\skip100
\cftbeforesubfigskip=\skip101
\cftsubfigindent=\skip102
\cftsubfignumwidth=\skip103
\cftbeforesubtabskip=\skip104
\cftsubtabindent=\skip105
\cftsubtabnumwidth=\skip106
)
(/usr/share/texmf-dist/tex/latex/hyperref/hyperref.sty
Package: hyperref 2011/11/21 v6.82l Hypertext links for LaTeX

(/usr/share/texmf-dist/tex/generic/oberdiek/hobsub-hyperref.sty
Package: hobsub-hyperref 2011/04/23 v1.4 Bundle oberdiek, subset hyperref (HO)

(/usr/share/texmf-dist/tex/generic/oberdiek/hobsub-generic.sty
Package: hobsub-generic 2011/04/23 v1.4 Bundle oberdiek, subset generic (HO)
Package: hobsub 2011/04/23 v1.4 Subsetting bundle oberdiek (HO)
Package hobsub Info: Skipping package `infwarerr' (already loaded).
Package hobsub Info: Skipping package `ltxcmds' (already loaded).
Package hobsub Info: Skipping package `ifluatex' (already loaded).
Package: ifvtex 2010/03/01 v1.5 Switches for detecting VTeX and its modes (HO)
Package ifvtex Info: VTeX not detected.
Package: intcalc 2007/09/27 v1.1 Expandable integer calculations (HO)
Package hobsub Info: Skipping package `ifpdf' (already loaded).
Package hobsub Info: Skipping package `etexcmds' (already loaded).
Package hobsub Info: Skipping package `kvsetkeys' (already loaded).
Package hobsub Info: Skipping package `kvdefinekeys' (already loaded).
Package hobsub Info: Skipping package `pdftexcmds' (already loaded).
Package: pdfescape 2011/04/04 v1.12 Provides string conversions (HO)
Package: bigintcalc 2011/01/30 v1.2 Expandable big integer calculations (HO)
Package: bitset 2011/01/30 v1.1 Data type bit set (HO)
Package: uniquecounter 2011/01/30 v1.2 Provides unlimited unique counter (HO)
)
Package hobsub Info: Skipping package `hobsub' (already loaded).
Package: letltxmacro 2010/09/02 v1.4 Let assignment for LaTeX macros (HO)
Package: hopatch 2011/01/30 v1.0 Wrapper for package hooks (HO)
Package: xcolor-patch 2011/01/30 xcolor patch
Package: atveryend 2011/04/23 v1.7 Hooks at very end of document (HO)
Package: atbegshi 2011/01/30 v1.15 At begin shipout hook (HO)
Package: refcount 2010/12/01 v3.2 Data extraction from references (HO)
Package: hycolor 2011/01/30 v1.7 Color options of hyperref/bookmark (HO)
)
(/usr/share/texmf-dist/tex/generic/ifxetex/ifxetex.sty
Package: ifxetex 2010/09/12 v0.6 Provides ifxetex conditional
)
\@linkdim=\dimen148
\Hy@linkcounter=\count124
\Hy@pagecounter=\count125

(/usr/share/texmf-dist/tex/latex/hyperref/pd1enc.def
File: pd1enc.def 2011/11/21 v6.82l Hyperref: PDFDocEncoding definition (HO)
)
\Hy@SavedSpaceFactor=\count126

(/usr/share/texmf-dist/tex/latex/latexconfig/hyperref.cfg
File: hyperref.cfg 2002/06/06 v1.2 hyperref configuration of TeXLive
)
Package hyperref Info: Option `bookmarks' set `true' on input line 3925.
Package hyperref Info: Option `bookmarksnumbered' set `true' on input line 3925
.
Package hyperref Info: Option `hypertexnames' set `false' on input line 3925.
Package hyperref Info: Option `colorlinks' set `true' on input line 3925.
Package hyperref Info: Option `unicode' set `true' on input line 3925.

(/usr/share/texmf-dist/tex/latex/hyperref/puenc.def
File: puenc.def 2011/11/21 v6.82l Hyperref: PDF Unicode definition (HO)
)
Package hyperref Info: Option `breaklinks' set `true' on input line 3925.
Package hyperref Info: Option `bookmarksopen' set `true' on input line 3925.
Package hyperref Info: Hyper figures OFF on input line 4046.
Package hyperref Info: Link nesting OFF on input line 4051.
Package hyperref Info: Hyper index ON on input line 4054.
Package hyperref Info: Plain pages OFF on input line 4061.
Package hyperref Info: Backreferencing OFF on input line 4066.
Package hyperref Info: Implicit mode ON; LaTeX internals redefined.
Package hyperref Info: Bookmarks ON on input line 4284.
\c@Hy@tempcnt=\count127

(/usr/share/texmf-dist/tex/latex/url/url.sty
\Urlmuskip=\muskip11
Package: url 2006/04/12  ver 3.3  Verb mode for urls, etc.
)
LaTeX Info: Redefining \url on input line 4637.
\Fld@menulength=\count128
\Field@Width=\dimen149
\Fld@charsize=\dimen150
Package hyperref Info: Hyper figures OFF on input line 5757.
Package hyperref Info: Link nesting OFF on input line 5762.
Package hyperref Info: Hyper index ON on input line 5765.
Package hyperref Info: backreferencing OFF on input line 5772.
Package hyperref Info: Link coloring ON on input line 5775.
Package hyperref Info: Link coloring with OCG OFF on input line 5782.
Package hyperref Info: PDF/A mode OFF on input line 5787.
LaTeX Info: Redefining \ref on input line 5827.
LaTeX Info: Redefining \pageref on input line 5831.
\Hy@abspage=\count129
\c@Item=\count130
\c@Hfootnote=\count131
)

Package hyperref Message: Driver (autodetected): hpdftex.

(/usr/share/texmf-dist/tex/latex/hyperref/hpdftex.def
File: hpdftex.def 2011/11/21 v6.82l Hyperref driver for pdfTeX
\Fld@listcount=\count132
\c@bookmark@seq@number=\count133

(/usr/share/texmf-dist/tex/latex/oberdiek/rerunfilecheck.sty
Package: rerunfilecheck 2011/04/15 v1.7 Rerun checks for auxiliary files (HO)
Package uniquecounter Info: New unique counter `rerunfilecheck' on input line 2
82.
)
\Hy@SectionHShift=\skip107
)
\c@dummy=\count134

(/usr/share/texmf-dist/tex/latex/tools/longtable.sty
Package: longtable 2004/02/01 v4.11 Multi-page Table package (DPC)
\LTleft=\skip108
\LTright=\skip109
\LTpre=\skip110
\LTpost=\skip111
\LTchunksize=\count135
\LTcapwidth=\dimen151
\LT@head=\box32
\LT@firsthead=\box33
\LT@foot=\box34
\LT@lastfoot=\box35
\LT@cols=\count136
\LT@rows=\count137
\c@LT@tables=\count138
\c@LT@chunks=\count139
\LT@p@ftn=\toks30
))
(/usr/share/texmf-dist/tex/latex/natbib/natbib.sty
Package: natbib 2010/09/13 8.31b (PWD, AO)
\bibhang=\skip112
\bibsep=\skip113
LaTeX Info: Redefining \cite on input line 694.
\c@NAT@ctr=\count140
)
(/usr/share/texmf-dist/tex/latex/tools/verbatim.sty
Package: verbatim 2003/08/22 v1.5q LaTeX2e package for verbatim enhancements
\every@verbatim=\toks31
\verbatim@line=\toks32
\verbatim@in@stream=\read1
) (./vector.sty
Package: vector 1994/09/16 v1.0 vector macros for LaTeX2e (nde)

(/usr/share/texmf-dist/tex/latex/tools/calc.sty
Package: calc 2007/08/22 v4.3 Infix arithmetic (KKT,FJ)
\calc@Acount=\count141
\calc@Bcount=\count142
\calc@Adimen=\dimen152
\calc@Bdimen=\dimen153
\calc@Askip=\skip114
\calc@Bskip=\skip115
LaTeX Info: Redefining \setlength on input line 76.
LaTeX Info: Redefining \addtolength on input line 77.
\calc@Ccount=\count143
\calc@Cskip=\skip116
)
\c@vec@elem=\count144
)
Package hyperref Info: Option `colorlinks' set `true' on input line 13.

(/usr/share/texmf-dist/tex/latex/tools/tabularx.sty
Package: tabularx 1999/01/07 v2.07 `tabularx' package (DPC)

(/usr/share/texmf-dist/tex/latex/tools/array.sty
Package: array 2008/09/09 v2.4c Tabular extension package (FMi)
\col@sep=\dimen154
\extrarowheight=\dimen155
\NC@list=\toks33
\extratabsurround=\skip117
\backup@length=\skip118
)
\TX@col@width=\dimen156
\TX@old@table=\dimen157
\TX@old@col=\dimen158
\TX@target=\dimen159
\TX@delta=\dimen160
\TX@cols=\count145
\TX@ftn=\toks34
)
(/usr/share/texmf-dist/tex/latex/multirow/multirow.sty
\bigstrutjot=\dimen161
)
(/usr/share/texmf-dist/tex/latex/wrapfig/wrapfig.sty
\wrapoverhang=\dimen162
\WF@size=\dimen163
\c@WF@wrappedlines=\count146
\WF@box=\box36
\WF@everypar=\toks35
Package: wrapfig 2003/01/31  v 3.6
)
(/usr/share/texmf-dist/tex/latex/framed/framed.sty
Package: framed 2007/10/04 v 0.95: framed or shaded text with page breaks
\fb@frw=\dimen164
\fb@frh=\dimen165
\FrameRule=\dimen166
\FrameSep=\dimen167
) (./Thesis.aux

LaTeX Warning: Label `fig:draftPaperCT' multiply defined.


LaTeX Warning: Label `fig:PollySCoPCFG' multiply defined.


LaTeX Warning: Label `sub@fig:PollySCoPCFG' multiply defined.


LaTeX Warning: Label `fig:SPollySCoPCFG' multiply defined.


LaTeX Warning: Label `sub@fig:SPollySCoPCFG' multiply defined.


LaTeX Warning: Label `fig:SCoPCFG' multiply defined.


LaTeX Warning: Label `fig:AliastestConcept' multiply defined.


LaTeX Warning: Label `sub@fig:AliastestConcept' multiply defined.


LaTeX Warning: Label `lst:AliastestAccessesSrc' multiply defined.


LaTeX Warning: Label `sub@lst:AliastestAccessesSrc' multiply defined.


LaTeX Warning: Label `fig:AliastestAccesses' multiply defined.


LaTeX Warning: Label `sub@fig:AliastestAccesses' multiply defined.


LaTeX Warning: Label `lst:AliastestAccessesOut' multiply defined.


LaTeX Warning: Label `sub@lst:AliastestAccessesOut' multiply defined.


LaTeX Warning: Label `fig:Aliastest' multiply defined.


LaTeX Warning: Label `lst:InvariantTestSRC' multiply defined.


LaTeX Warning: Label `sub@lst:InvariantTestSRC' multiply defined.


LaTeX Warning: Label `lst:InvariantTestOut' multiply defined.


LaTeX Warning: Label `sub@lst:InvariantTestOut' multiply defined.


LaTeX Warning: Label `lst:InvariantTest' multiply defined.

)
\openout1 = `Thesis.aux'.

LaTeX Font Info:    Checking defaults for OML/cmm/m/it on input line 23.
LaTeX Font Info:    ... okay on input line 23.
LaTeX Font Info:    Checking defaults for T1/cmr/m/n on input line 23.
LaTeX Font Info:    ... okay on input line 23.
LaTeX Font Info:    Checking defaults for OT1/cmr/m/n on input line 23.
LaTeX Font Info:    ... okay on input line 23.
LaTeX Font Info:    Checking defaults for OMS/cmsy/m/n on input line 23.
LaTeX Font Info:    ... okay on input line 23.
LaTeX Font Info:    Checking defaults for OMX/cmex/m/n on input line 23.
LaTeX Font Info:    ... okay on input line 23.
LaTeX Font Info:    Checking defaults for U/cmr/m/n on input line 23.
LaTeX Font Info:    ... okay on input line 23.
LaTeX Font Info:    Checking defaults for PD1/pdf/m/n on input line 23.
LaTeX Font Info:    ... okay on input line 23.
LaTeX Font Info:    Checking defaults for PU/pdf/m/n on input line 23.
LaTeX Font Info:    ... okay on input line 23.
Package caption Info: Begin \AtBeginDocument code.
Package caption Info: subfig package v1.3 is loaded.
Package caption Info: hyperref package is loaded.
Package caption Info: listings package is loaded.
Package caption Info: longtable package is loaded.
 (/usr/share/texmf-dist/tex/latex/caption/ltcaption.sty
Package: ltcaption 2011/09/12 v1.3 longtable captions (AR)
)
Package caption Info: rotating package is loaded.
Package caption Info: wrapfig package is loaded.
Package caption Info: End \AtBeginDocument code.

(/usr/share/texmf-dist/tex/context/base/supp-pdf.mkii
[Loading MPS to PDF converter (version 2006.09.02).]
\scratchcounter=\count147
\scratchdimen=\dimen168
\scratchbox=\box37
\nofMPsegments=\count148
\nofMParguments=\count149
\everyMPshowfont=\toks36
\MPscratchCnt=\count150
\MPscratchDim=\dimen169
\MPnumerator=\count151
\makeMPintoPDFobject=\count152
\everyMPtoPDFconversion=\toks37
)
\c@lstlisting=\count153
\AtBeginShipoutBox=\box38
Package hyperref Info: Link coloring ON on input line 23.
 (/usr/share/texmf-dist/tex/latex/hyperref/nameref.sty
Package: nameref 2010/04/30 v2.40 Cross-referencing by name of section

(/usr/share/texmf-dist/tex/generic/oberdiek/gettitlestring.sty
Package: gettitlestring 2010/12/03 v1.4 Cleanup title references (HO)
)
\c@section@level=\count154
)
LaTeX Info: Redefining \ref on input line 23.
LaTeX Info: Redefining \pageref on input line 23.
LaTeX Info: Redefining \nameref on input line 23.
 (./Thesis.out) (./Thesis.out)
\@outlinefile=\write3
\openout3 = `Thesis.out'.


------------------------------------------------------------------------------
 Title Page
------------------------------------------------------------------------------
<Figures/UniSBLogo.pdf, id=222, 521.95pt x 210.7875pt>
File: Figures/UniSBLogo.pdf Graphic file (type pdf)

<use Figures/UniSBLogo.pdf>
Package pdftex.def Info: Figures/UniSBLogo.pdf used on input line 38.
(pdftex.def)             Requested size: 140.90448pt x 56.9055pt.
 [1



{/var/lib/texmf/fonts/map/pdftex/updmap/pdftex.map} <./Figures/UniSBLogo.pdf>]
------------------------------------------------------------------------------
 Declaration of Authorship
------------------------------------------------------------------------------
[1

] [2

]
------------------------------------------------------------------------------
 Abstract Page
------------------------------------------------------------------------------
[3

]
------------------------------------------------------------------------------
 Acknowledgements
------------------------------------------------------------------------------
[4

] (./Thesis.toc
LaTeX Font Info:    Try loading font information for U+msa on input line 1.
 (/usr/share/texmf-dist/tex/latex/amsfonts/umsa.fd
File: umsa.fd 2009/06/22 v3.00 AMS symbols A
)
LaTeX Font Info:    Try loading font information for U+msb on input line 1.

(/usr/share/texmf-dist/tex/latex/amsfonts/umsb.fd
File: umsb.fd 2009/06/22 v3.00 AMS symbols B
) [5

])
\tf@toc=\write4
\openout4 = `Thesis.toc'.

 [6]
------------------------------------------------------------------------------
 Abbreviations
------------------------------------------------------------------------------
[7



]
------------------------------------------------------------------------------
 Dedicatory
------------------------------------------------------------------------------
[8

] (./Chapters/Chapter1.tex
Chapter 1.
------------------------------------------------------------------------------
 1 Introduction
------------------------------------------------------------------------------
[1



]) (./Chapters/Chapter2.tex [2]
Chapter 2.
------------------------------------------------------------------------------
 2 Background
------------------------------------------------------------------------------
LaTeX Font Info:    Try loading font information for OMS+cmr on input line 35.
(/usr/share/texmf-dist/tex/latex/base/omscmr.fd
File: omscmr.fd 1999/05/25 v2.5h Standard LaTeX font definitions
)
LaTeX Font Info:    Font shape `OMS/cmr/m/n' in size <10.95> not available
(Font)              Font shape `OMS/cmsy/m/n' tried instead on input line 35.
 [3

]
(./Primitives/Code/ExampleLoopNest.c)
Overfull \hbox (5.94269pt too wide) in paragraph at lines 3--141
[][][][][][][][][][][][][][][][][][][][][][][][][][][][][][][] 
 []

Package epstopdf Info: Source file: <Figures/ExampleLoopNestPolytope2.eps>
(epstopdf)                    date: 2012-04-24 04:47:37
(epstopdf)                    size: 21275 bytes
(epstopdf)             Output file: <Figures/ExampleLoopNestPolytope2-eps-conve
rted-to.pdf>
(epstopdf)                    date: 2012-04-24 04:47:42
(epstopdf)                    size: 5316 bytes
(epstopdf)             Command: <repstopdf --outfile=Figures/ExampleLoopNestPol
ytope2-eps-converted-to.pdf Figures/ExampleLoopNestPolytope2.eps>
(epstopdf)             \includegraphics on input line 149.
Package epstopdf Info: Output file is already uptodate.

<Figures/ExampleLoopNestPolytope2-eps-converted-to.pdf, id=368, 178.6675pt x 17
6.66pt>
File: Figures/ExampleLoopNestPolytope2-eps-converted-to.pdf Graphic file (type 
pdf)
 <use Figures/ExampleLoopNestPolytope2-eps-converted-to.pdf>
Package pdftex.def Info: Figures/ExampleLoopNestPolytope2-eps-converted-to.pdf 
used on input line 149.
(pdftex.def)             Requested size: 103.32445pt x 102.16365pt.

(./Primitives/Code/ExampleLoopNestTransformed.c) [4

 <./Figures/ExampleLoopNestPolytope2-eps-converted-to.pdf>] [5] [6

] [7]
Package epstopdf Info: Source file: <Figures/SambambaConcept.eps>
(epstopdf)                    date: 2012-04-29 09:01:20
(epstopdf)                    size: 48542 bytes
(epstopdf)             Output file: <Figures/SambambaConcept-eps-converted-to.p
df>
(epstopdf)                    date: 2012-04-29 09:01:23
(epstopdf)                    size: 21446 bytes
(epstopdf)             Command: <repstopdf --outfile=Figures/SambambaConcept-ep
s-converted-to.pdf Figures/SambambaConcept.eps>
(epstopdf)             \includegraphics on input line 377.
Package epstopdf Info: Output file is already uptodate.

<Figures/SambambaConcept-eps-converted-to.pdf, id=438, 551.05875pt x 497.86pt>
File: Figures/SambambaConcept-eps-converted-to.pdf Graphic file (type pdf)

<use Figures/SambambaConcept-eps-converted-to.pdf>
Package pdftex.def Info: Figures/SambambaConcept-eps-converted-to.pdf used on i
nput line 377.
(pdftex.def)             Requested size: 125.24318pt x 113.14557pt.

Underfull \hbox (badness 10000) in paragraph at lines 378--378
 []\OT1/cmr/m/sc/10 Figure 2.3: |\OT1/cmr/m/n/10 Dif-fer-ent 
 []


Underfull \hbox (badness 5490) in paragraph at lines 378--378
 \OT1/cmr/m/n/10 stages in the Sam-bamba 
 []

[8

 <./Figures/SambambaConcept-eps-converted-to.pdf>]
Package epstopdf Info: Source file: <Figures/TransactionQueue.eps>
(epstopdf)                    date: 2012-04-24 20:46:33
(epstopdf)                    size: 83912 bytes
(epstopdf)             Output file: <Figures/TransactionQueue-eps-converted-to.
pdf>
(epstopdf)                    date: 2012-04-24 20:47:17
(epstopdf)                    size: 37263 bytes
(epstopdf)             Command: <repstopdf --outfile=Figures/TransactionQueue-e
ps-converted-to.pdf Figures/TransactionQueue.eps>
(epstopdf)             \includegraphics on input line 433.
Package epstopdf Info: Output file is already uptodate.

<Figures/TransactionQueue-eps-converted-to.pdf, id=448, 661.47125pt x 575.14874
pt>
File: Figures/TransactionQueue-eps-converted-to.pdf Graphic file (type pdf)
 <use Figures/TransactionQueue-eps-converted-to.pdf>
Package pdftex.def Info: Figures/TransactionQueue-eps-converted-to.pdf used on 
input line 433.
(pdftex.def)             Requested size: 158.6418pt x 137.9332pt.

Underfull \hbox (badness 10000) in paragraph at lines 437--445

 []

Package epstopdf Info: Source file: <Figures/ParallelSectionEx.eps>
(epstopdf)                    date: 2012-04-24 20:51:14
(epstopdf)                    size: 24176 bytes
(epstopdf)             Output file: <Figures/ParallelSectionEx-eps-converted-to
.pdf>
(epstopdf)                    date: 2012-04-24 20:51:20
(epstopdf)                    size: 9622 bytes
(epstopdf)             Command: <repstopdf --outfile=Figures/ParallelSectionEx-
eps-converted-to.pdf Figures/ParallelSectionEx.eps>
(epstopdf)             \includegraphics on input line 452.
Package epstopdf Info: Output file is already uptodate.

<Figures/ParallelSectionEx-eps-converted-to.pdf, id=449, 601.24625pt x 728.7225
pt>
File: Figures/ParallelSectionEx-eps-converted-to.pdf Graphic file (type pdf)
 <use Figures/ParallelSectionEx-eps-converted-to.pdf>
Package pdftex.def Info: Figures/ParallelSectionEx-eps-converted-to.pdf used on
 input line 452.
(pdftex.def)             Requested size: 137.76688pt x 166.96884pt.

Overfull \hbox (271.35495pt too wide) in paragraph at lines 451--454
 []$[]$ 
 []


Underfull \hbox (badness 10000) in paragraph at lines 471--475

 []

[9

 <./Figures/TransactionQueue-eps-converted-to.pdf> <./Figures/ParallelSectionEx
-eps-converted-to.pdf>]) (./Chapters/Chapter3.tex [10]
Chapter 3.
------------------------------------------------------------------------------
 3 Concept
------------------------------------------------------------------------------
[11

] [12]
Package epstopdf Info: Source file: <Figures/draftPaperCT.eps>
(epstopdf)                    date: 2012-04-24 23:53:15
(epstopdf)                    size: 82862 bytes
(epstopdf)             Output file: <Figures/draftPaperCT-eps-converted-to.pdf>

(epstopdf)                    date: 2012-04-24 23:53:20
(epstopdf)                    size: 38057 bytes
(epstopdf)             Command: <repstopdf --outfile=Figures/draftPaperCT-eps-c
onverted-to.pdf Figures/draftPaperCT.eps>
(epstopdf)             \includegraphics on input line 112.
Package epstopdf Info: Output file is already uptodate.

<Figures/draftPaperCT-eps-converted-to.pdf, id=479, 617.30624pt x 557.08125pt>
File: Figures/draftPaperCT-eps-converted-to.pdf Graphic file (type pdf)

<use Figures/draftPaperCT-eps-converted-to.pdf>
Package pdftex.def Info: Figures/draftPaperCT-eps-converted-to.pdf used on inpu
t line 112.
(pdftex.def)             Requested size: 166.98668pt x 150.69446pt.
Package epstopdf Info: Source file: <Figures/draftPaperRT.eps>
(epstopdf)                    date: 2012-04-24 23:46:44
(epstopdf)                    size: 122078 bytes
(epstopdf)             Output file: <Figures/draftPaperRT-eps-converted-to.pdf>

(epstopdf)                    date: 2012-04-24 23:53:20
(epstopdf)                    size: 54861 bytes
(epstopdf)             Command: <repstopdf --outfile=Figures/draftPaperRT-eps-c
onverted-to.pdf Figures/draftPaperRT.eps>
(epstopdf)             \includegraphics on input line 144.
Package epstopdf Info: Output file is already uptodate.

<Figures/draftPaperRT-eps-converted-to.pdf, id=480, 617.30624pt x 643.40375pt>
File: Figures/draftPaperRT-eps-converted-to.pdf Graphic file (type pdf)

<use Figures/draftPaperRT-eps-converted-to.pdf>
Package pdftex.def Info: Figures/draftPaperRT-eps-converted-to.pdf used on inpu
t line 144.
(pdftex.def)             Requested size: 208.73653pt x 217.55664pt.
 [13 <./Figures/draftPaperCT-eps-converted-to.pdf> <./Figures/draftPaperRT-eps-
converted-to.pdf>]
(./Primitives/Code/sSCoPstatic.c) (./Primitives/Code/sSCoPbounds.c)
(./Primitives/Code/sSCoPbranch.c) (./Primitives/Code/sSCoPprintf.c) [14]

LaTeX Warning: Reference `SPollySCoPCFG' on page 15 undefined on input line 278
.

[15]
Package epstopdf Info: Source file: <Figures/PollySCoPCFG.eps>
(epstopdf)                    date: 2012-04-16 14:59:10
(epstopdf)                    size: 44114 bytes
(epstopdf)             Output file: <Figures/PollySCoPCFG-eps-converted-to.pdf>

(epstopdf)                    date: 2012-04-16 14:59:13
(epstopdf)                    size: 19023 bytes
(epstopdf)             Command: <repstopdf --outfile=Figures/PollySCoPCFG-eps-c
onverted-to.pdf Figures/PollySCoPCFG.eps>
(epstopdf)             \includegraphics on input line 287.
Package epstopdf Info: Output file is already uptodate.

<Figures/PollySCoPCFG-eps-converted-to.pdf, id=548, 487.8225pt x 496.85625pt>
File: Figures/PollySCoPCFG-eps-converted-to.pdf Graphic file (type pdf)

<use Figures/PollySCoPCFG-eps-converted-to.pdf>
Package pdftex.def Info: Figures/PollySCoPCFG-eps-converted-to.pdf used on inpu
t line 287.
(pdftex.def)             Requested size: 187.86159pt x 191.33952pt.
Package epstopdf Info: Source file: <Figures/SPollySCoPCFG.eps>
(epstopdf)                    date: 2012-04-21 00:48:40
(epstopdf)                    size: 47302 bytes
(epstopdf)             Output file: <Figures/SPollySCoPCFG-eps-converted-to.pdf
>
(epstopdf)                    date: 2012-04-21 00:48:46
(epstopdf)                    size: 21014 bytes
(epstopdf)             Command: <repstopdf --outfile=Figures/SPollySCoPCFG-eps-
converted-to.pdf Figures/SPollySCoPCFG.eps>
(epstopdf)             \includegraphics on input line 293.
Package epstopdf Info: Output file is already uptodate.

<Figures/SPollySCoPCFG-eps-converted-to.pdf, id=549, 491.8375pt x 496.85625pt>
File: Figures/SPollySCoPCFG-eps-converted-to.pdf Graphic file (type pdf)

<use Figures/SPollySCoPCFG-eps-converted-to.pdf>
Package pdftex.def Info: Figures/SPollySCoPCFG-eps-converted-to.pdf used on inp
ut line 293.
(pdftex.def)             Requested size: 187.86159pt x 189.77776pt.

Overfull \hbox (14.59996pt too wide) in paragraph at lines 287--294
 [][][][] 
 []

Package epstopdf Info: Source file: <Primitives/aliastest.eps>
(epstopdf)                    date: 2012-04-16 14:19:56
(epstopdf)                    size: 54798 bytes
(epstopdf)             Output file: <Primitives/aliastest-eps-converted-to.pdf>

(epstopdf)                    date: 2012-04-16 14:20:38
(epstopdf)                    size: 23861 bytes
(epstopdf)             Command: <repstopdf --outfile=Primitives/aliastest-eps-c
onverted-to.pdf Primitives/aliastest.eps>
(epstopdf)             \includegraphics on input line 334.
Package epstopdf Info: Output file is already uptodate.
<Primitives/aliastest-eps-converted-to.pdf, id=554, 1315.91624pt x 293.095pt>
File: Primitives/aliastest-eps-converted-to.pdf Graphic file (type pdf)

<use Primitives/aliastest-eps-converted-to.pdf>
Package pdftex.def Info: Primitives/aliastest-eps-converted-to.pdf used on inpu
t line 334.
(pdftex.def)             Requested size: 375.7232pt x 83.68498pt.

Overfull \hbox (7.29999pt too wide) in paragraph at lines 334--335
 [][] 
 []

(./Primitives/Code/aliastestbsp.c) (./Primitives/Code/aliastestout.c) [16 <./Fi
gures/PollySCoPCFG-eps-converted-to.pdf> <./Figures/SPollySCoPCFG-eps-converted
-to.pdf>] (./Primitives/Code/InvariantTestSRC.c)
(./Primitives/Code/InvariantTest.c) [17 <./Primitives/aliastest-eps-converted-t
o.pdf>] (./Primitives/Code/NonComputableDependencies.c
Overfull \hbox (5.94269pt too wide) in paragraph at lines 2--3
[][][][][][][][][][][][][][][][][][][][][][][][][] 
 []

)
Package epstopdf Info: Source file: <Figures/NonComputableDependenciesSituation
.eps>
(epstopdf)                    date: 2012-04-27 20:13:52
(epstopdf)                    size: 28310 bytes
(epstopdf)             Output file: <Figures/NonComputableDependenciesSituation
-eps-converted-to.pdf>
(epstopdf)                    date: 2012-04-27 20:13:56
(epstopdf)                    size: 11514 bytes
(epstopdf)             Command: <repstopdf --outfile=Figures/NonComputableDepen
denciesSituation-eps-converted-to.pdf Figures/NonComputableDependenciesSituatio
n.eps>
(epstopdf)             \includegraphics on input line 470.
Package epstopdf Info: Output file is already uptodate.

<Figures/NonComputableDependenciesSituation-eps-converted-to.pdf, id=610, 238.8
925pt x 146.5475pt>
File: Figures/NonComputableDependenciesSituation-eps-converted-to.pdf Graphic f
ile (type pdf)

<use Figures/NonComputableDependenciesSituation-eps-converted-to.pdf>
Package pdftex.def Info: Figures/NonComputableDependenciesSituation-eps-convert
ed-to.pdf used on input line 470.
(pdftex.def)             Requested size: 166.98985pt x 102.43942pt.

(./Primitives/Code/NonComputableDependenciesBad.c
Overfull \hbox (16.14291pt too wide) in paragraph at lines 12--13
[][][][][][][][][][][][][][][][][][][][][][][][][][][][][][][][][] 
 []

)
Package epstopdf Info: Source file: <Figures/NonComputableDependenciesParCFG.ep
s>
(epstopdf)                    date: 2012-04-28 00:43:45
(epstopdf)                    size: 38012 bytes
(epstopdf)             Output file: <Figures/NonComputableDependenciesParCFG-ep
s-converted-to.pdf>
(epstopdf)                    date: 2012-04-28 00:45:05
(epstopdf)                    size: 16742 bytes
(epstopdf)             Command: <repstopdf --outfile=Figures/NonComputableDepen
denciesParCFG-eps-converted-to.pdf Figures/NonComputableDependenciesParCFG.eps>

(epstopdf)             \includegraphics on input line 485.
Package epstopdf Info: Output file is already uptodate.

<Figures/NonComputableDependenciesParCFG-eps-converted-to.pdf, id=615, 443.6575
pt x 558.085pt>
File: Figures/NonComputableDependenciesParCFG-eps-converted-to.pdf Graphic file
 (type pdf)

<use Figures/NonComputableDependenciesParCFG-eps-converted-to.pdf>
Package pdftex.def Info: Figures/NonComputableDependenciesParCFG-eps-converted-
to.pdf used on input line 485.
(pdftex.def)             Requested size: 166.98985pt x 210.05629pt.
 [18])
(./Chapters/Chapter4.tex [19 <./Figures/NonComputableDependenciesSituation-eps-
converted-to.pdf> <./Figures/NonComputableDependenciesParCFG-eps-converted-to.p
df>]
Chapter 4.
------------------------------------------------------------------------------
 4 Implementation
------------------------------------------------------------------------------

LaTeX Warning: Reference `tab:Bugreports' on page 20 undefined on input line 40
.


LaTeX Warning: Reference `fig:PollyArchitecture' on page 20 undefined on input 
line 70.

Package epstopdf Info: Source file: <Figures/SPollyArchitecture.eps>
(epstopdf)                    date: 2012-04-22 21:42:21
(epstopdf)                    size: 1957853 bytes
(epstopdf)             Output file: <Figures/SPollyArchitecture-eps-converted-t
o.pdf>
(epstopdf)                    date: 2012-04-22 21:42:57
(epstopdf)                    size: 41198 bytes
(epstopdf)             Command: <repstopdf --outfile=Figures/SPollyArchitecture
-eps-converted-to.pdf Figures/SPollyArchitecture.eps>
(epstopdf)             \includegraphics on input line 77.
Package epstopdf Info: Output file is already uptodate.

<Figures/SPollyArchitecture-eps-converted-to.pdf, id=696, 949.5475pt x 693.5912
5pt>
File: Figures/SPollyArchitecture-eps-converted-to.pdf Graphic file (type pdf)
 <use Figures/SPollyArchitecture-eps-converted-to.pdf>
Package pdftex.def Info: Figures/SPollyArchitecture-eps-converted-to.pdf used o
n input line 77.
(pdftex.def)             Requested size: 375.7232pt x 274.44708pt.
 [20

]

LaTeX Warning: Reference `FutureWorkSpecializedVersion' on page 21 undefined on
 input line 126.

[21 <./Figures/SPollyArchitecture-eps-converted-to.pdf>] [22]
Package epstopdf Info: Source file: <Figures/PollySCoPCFG.eps>
(epstopdf)                    date: 2012-04-16 14:59:10
(epstopdf)                    size: 44114 bytes
(epstopdf)             Output file: <Figures/PollySCoPCFG-eps-converted-to.pdf>

(epstopdf)                    date: 2012-04-16 14:59:13
(epstopdf)                    size: 19023 bytes
(epstopdf)             Command: <repstopdf --outfile=Figures/PollySCoPCFG-eps-c
onverted-to.pdf Figures/PollySCoPCFG.eps>
(epstopdf)             \includegraphics on input line 185.
Package epstopdf Info: Output file is already uptodate.
File: Figures/PollySCoPCFG-eps-converted-to.pdf Graphic file (type pdf)

<use Figures/PollySCoPCFG-eps-converted-to.pdf>
Package pdftex.def Info: Figures/PollySCoPCFG-eps-converted-to.pdf used on inpu
t line 185.
(pdftex.def)             Requested size: 187.8616pt x 191.33952pt.
Package epstopdf Info: Source file: <Figures/SPollySCoPCFG.eps>
(epstopdf)                    date: 2012-04-21 00:48:40
(epstopdf)                    size: 47302 bytes
(epstopdf)             Output file: <Figures/SPollySCoPCFG-eps-converted-to.pdf
>
(epstopdf)                    date: 2012-04-21 00:48:46
(epstopdf)                    size: 21014 bytes
(epstopdf)             Command: <repstopdf --outfile=Figures/SPollySCoPCFG-eps-
converted-to.pdf Figures/SPollySCoPCFG.eps>
(epstopdf)             \includegraphics on input line 191.
Package epstopdf Info: Output file is already uptodate.
File: Figures/SPollySCoPCFG-eps-converted-to.pdf Graphic file (type pdf)

<use Figures/SPollySCoPCFG-eps-converted-to.pdf>
Package pdftex.def Info: Figures/SPollySCoPCFG-eps-converted-to.pdf used on inp
ut line 191.
(pdftex.def)             Requested size: 187.8616pt x 189.77776pt.

Underfull \hbox (badness 10000) in paragraph at lines 198--199

 []

[23]
Package epstopdf Info: Source file: <Primitives/aliastest.eps>
(epstopdf)                    date: 2012-04-16 14:19:56
(epstopdf)                    size: 54798 bytes
(epstopdf)             Output file: <Primitives/aliastest-eps-converted-to.pdf>

(epstopdf)                    date: 2012-04-16 14:20:38
(epstopdf)                    size: 23861 bytes
(epstopdf)             Command: <repstopdf --outfile=Primitives/aliastest-eps-c
onverted-to.pdf Primitives/aliastest.eps>
(epstopdf)             \includegraphics on input line 228.
Package epstopdf Info: Output file is already uptodate.
File: Primitives/aliastest-eps-converted-to.pdf Graphic file (type pdf)
 <use Primitives/aliastest-eps-converted-to.pdf>
Package pdftex.def Info: Primitives/aliastest-eps-converted-to.pdf used on inpu
t line 228.
(pdftex.def)             Requested size: 375.7232pt x 83.68498pt.

(./Primitives/Code/aliastestbsp.c) (./Primitives/Code/aliastestout.c) [24]
(./Primitives/Code/InvariantTestSRC.c) (./Primitives/Code/InvariantTest.c)

LaTeX Warning: Reference `SambambaSTM' on page 25 undefined on input line 328.


LaTeX Warning: Reference `SambambaParCFG' on page 25 undefined on input line 33
4.

[25] (./Primitives/Code/ForkJoinCodeGenerationSRC.c)
(./Primitives/Code/ForkJoinCodeGenerationOUT.c
Overfull \hbox (26.34314pt too wide) in paragraph at lines 3--4
[][][][][][][][][][][][][][][][][][][][][][][][][][][][][][][][][][][][][][][][
][] 
 []

)
Package epstopdf Info: Source file: <Figures/ForkJoinCFG.eps>
(epstopdf)                    date: 2012-04-17 19:37:43
(epstopdf)                    size: 32813 bytes
(epstopdf)             Output file: <Figures/ForkJoinCFG-eps-converted-to.pdf>
(epstopdf)                    date: 2012-04-17 19:37:50
(epstopdf)                    size: 14560 bytes
(epstopdf)             Command: <repstopdf --outfile=Figures/ForkJoinCFG-eps-co
nverted-to.pdf Figures/ForkJoinCFG.eps>
(epstopdf)             \includegraphics on input line 359.
Package epstopdf Info: Output file is already uptodate.
 <Figures/ForkJoinCFG-eps-converted-to.pdf, id=812, 355.3275pt x 574.145pt>
File: Figures/ForkJoinCFG-eps-converted-to.pdf Graphic file (type pdf)

<use Figures/ForkJoinCFG-eps-converted-to.pdf>
Package pdftex.def Info: Figures/ForkJoinCFG-eps-converted-to.pdf used on input
 line 359.
(pdftex.def)             Requested size: 116.89015pt x 188.8727pt.
Package epstopdf Info: Source file: <Figures/ForkJoinParCFG.eps>
(epstopdf)                    date: 2012-04-17 19:44:31
(epstopdf)                    size: 35316 bytes
(epstopdf)             Output file: <Figures/ForkJoinParCFG-eps-converted-to.pd
f>
(epstopdf)                    date: 2012-04-17 19:44:35
(epstopdf)                    size: 14962 bytes
(epstopdf)             Command: <repstopdf --outfile=Figures/ForkJoinParCFG-eps
-converted-to.pdf Figures/ForkJoinParCFG.eps>
(epstopdf)             \includegraphics on input line 365.
Package epstopdf Info: Output file is already uptodate.

<Figures/ForkJoinParCFG-eps-converted-to.pdf, id=813, 773.89125pt x 516.93124pt
>
File: Figures/ForkJoinParCFG-eps-converted-to.pdf Graphic file (type pdf)
 <use Figures/ForkJoinParCFG-eps-converted-to.pdf>
Package pdftex.def Info: Figures/ForkJoinParCFG-eps-converted-to.pdf used on in
put line 365.
(pdftex.def)             Requested size: 208.73653pt x 139.42343pt.
 [26 <./Figures/ForkJoinCFG-eps-converted-to.pdf> <./Figures/ForkJoinParCFG-eps
-converted-to.pdf>]

LaTeX Warning: Reference `' on page 27 undefined on input line 405.

[27]) (./Chapters/Chapter5.tex [28]
Chapter 5.
------------------------------------------------------------------------------
 5 Evaluation
------------------------------------------------------------------------------

Overfull \hbox (16.20244pt too wide) in paragraph at lines 28--40
 [] 
 []


Underfull \hbox (badness 10000) in paragraph at lines 24--42
\OT1/cmr/m/n/10.95 (more de-tails in ta-ble [][]5.1[][]).
 []

[29

] <Figures/SPEC2000CT.pdf, id=877, 921.01591pt x 524.00124pt>
File: Figures/SPEC2000CT.pdf Graphic file (type pdf)

<use Figures/SPEC2000CT.pdf>
Package pdftex.def Info: Figures/SPEC2000CT.pdf used on input line 86.
(pdftex.def)             Requested size: 375.7232pt x 213.76248pt.

<Figures/polybenchCT.pdf, id=878, 928.92836pt x 556.45317pt>
File: Figures/polybenchCT.pdf Graphic file (type pdf)

<use Figures/polybenchCT.pdf>
Package pdftex.def Info: Figures/polybenchCT.pdf used on input line 95.
(pdftex.def)             Requested size: 375.7232pt x 225.06511pt.
 [30 <./Figures/SPEC2000CT.pdf>]
Overfull \hbox (2.39345pt too wide) in paragraph at lines 103--124
[][] 
 []


Overfull \hbox (83.51929pt too wide) in paragraph at lines 125--126
[]\OT1/cmr/m/n/10.95 TODO num-bers can be pro-duced via /home-/jo-han-nes/git/s
am-bam-ba/test-data/spec2000/timeAnalysis.py 
 []

[31 <./Figures/polybenchCT.pdf>]
Underfull \hbox (badness 10000) in paragraph at lines 179--179
[]|\OT1/cmr/m/n/10.95 Wrong ar-gu-
 []


Underfull \hbox (badness 10000) in paragraph at lines 179--179
\OT1/cmr/m/n/10.95 ment map-ping
 []


Underfull \hbox (badness 10000) in paragraph at lines 179--179
\OT1/cmr/m/n/10.95 in OpenMP sub-
 []


Overfull \hbox (2.86333pt too wide) in paragraph at lines 179--179
[]|\OT1/cmr/m/n/10.95 RESOLVED
 []


Underfull \hbox (badness 10000) in paragraph at lines 179--179
[]|\OT1/cmr/m/n/10.95 Invariant in-struc-
 []


Underfull \hbox (badness 10000) in paragraph at lines 179--179
[]|\OT1/cmr/m/n/10.95 PHInode use in
 []


Underfull \hbox (badness 10000) in paragraph at lines 179--179
\OT1/cmr/m/n/10.95 OpenMP sub-func-
 []


Underfull \hbox (badness 1383) in paragraph at lines 179--179
[]|\OT1/cmr/m/n/10.95 add the oth-ers to
 []


Underfull \hbox (badness 10000) in paragraph at lines 179--179
[]|\OT1/cmr/m/n/10.95 PollybenchC2
 []

) (./Chapters/Chapter6.tex [32]
Chapter 6.
------------------------------------------------------------------------------
 6 Case Study
------------------------------------------------------------------------------

LaTeX Warning: Reference `todo' on page 33 undefined on input line 27.

[33

] (./Primitives/Code/matmul1prep.c
Overfull \hbox (6.41716pt too wide) in paragraph at lines 9--10
[][][][][][][][][][][][][][][][][][][][][][][][][][][][][][][][] 
 []

)
Underfull \hbox (badness 10000) in paragraph at lines 60--66

 []

(./Primitives/Code/matmul2prep.c
Overfull \hbox (21.7175pt too wide) in paragraph at lines 9--10
[][][][][][][][][][][][][][][][][][][][][][][][][][][][][][][][][][][] 
 []

)
Underfull \hbox (badness 1466) in paragraph at lines 81--87
\OT1/cmr/m/n/10.95 are still fixed in size but now given
 []


Underfull \hbox (badness 1803) in paragraph at lines 81--87
\OT1/cmr/m/n/10.95 as ar-gu-ments. Even if the dec-la-ra-
 []


Underfull \hbox (badness 2181) in paragraph at lines 81--87
\OT1/cmr/m/n/10.95 y-sis can not prove the in-de-pen-dence
 []


Underfull \hbox (badness 1221) in paragraph at lines 81--87
\OT1/cmr/m/n/10.95 of each ar-ray any-more. Sum-ma-rized
 []


Underfull \hbox (badness 1509) in paragraph at lines 81--87
\OT1/cmr/m/n/10.95 alias-ing be-tween \OT1/cmtt/m/n/10.95 A,B \OT1/cmr/m/n/10.9
5 and \OT1/cmtt/m/n/10.95 C \OT1/cmr/m/n/10.95 is pos-si-
 []


Underfull \hbox (badness 10000) in paragraph at lines 81--87

 []


Underfull \hbox (badness 10000) in paragraph at lines 81--87

 []

(./Primitives/Code/matmul3prep.c
Overfull \hbox (16.61739pt too wide) in paragraph at lines 9--10
[][][][][][][][][][][][][][][][][][][][][][][][][][][][][][][][][][][][][] 
 []

) (./Primitives/Code/matmul4prep.c
Overfull \hbox (1.31705pt too wide) in paragraph at lines 9--10
[][][][][][][][][][][][][][][][][][][][][][][][][][][][][][][] 
 []

)
Underfull \hbox (badness 10000) in paragraph at lines 116--123

 []


Underfull \hbox (badness 10000) in paragraph at lines 116--123

 []

(./Primitives/Code/matmul5prep.c
Overfull \hbox (6.41716pt too wide) in paragraph at lines 13--14
[][][][][][][][][][][][][][][][][][][][][][][][][][][][][][] 
 []


Overfull \hbox (11.51727pt too wide) in paragraph at lines 14--15
[][][][][][][][][][][][][][][][][][][][][][][][][][][][][][][][][][] 
 []

) [34

]
Underfull \hbox (badness 6364) in paragraph at lines 138--145
[]\OT1/cmr/m/n/10.95 The last case we will look at is
 []


Underfull \hbox (badness 3872) in paragraph at lines 138--145
\OT1/cmr/m/n/10.95 the ma-trix mul-ti-pli-ca-tion within the
 []


Underfull \hbox (badness 2253) in paragraph at lines 138--145
\OT1/cmr/m/n/10.95 ammp bench-mark. It is sim-i-lar to
 []


Underfull \hbox (badness 4673) in paragraph at lines 138--145
\OT1/cmr/m/n/10.95 case D but with hand made op-ti-
 []


Underfull \hbox (badness 4120) in paragraph at lines 138--145
\OT1/cmr/m/n/10.95 miza-tions which could be per-formed
 []


Underfull \hbox (badness 1540) in paragraph at lines 138--145
\OT1/cmr/m/n/10.95 by clang (and there-for by Polly and
 []


Underfull \hbox (badness 1067) in paragraph at lines 138--145
\OT1/cmr/m/n/10.95 y-sis is avail-able. The par-tic-u-lar dif-
 []


Underfull \hbox (badness 2753) in paragraph at lines 138--145
\OT1/cmr/m/n/10.95 fer-ences be-tween case D and E are
 []


Underfull \hbox (badness 4084) in paragraph at lines 138--145
\OT1/cmr/m/n/10.95 strength re-duc-tion on the in-ner-most
 []


Underfull \hbox (badness 3849) in paragraph at lines 138--145
\OT1/cmr/m/n/10.95 i-nal source code is given in list-ing
 []


Underfull \hbox (badness 10000) in paragraph at lines 138--145

 []


Underfull \hbox (badness 10000) in paragraph at lines 177--183

 []


Underfull \hbox (badness 10000) in paragraph at lines 177--183

 []

) (./Chapters/Chapter7.tex [35] [36]
Chapter 7.
------------------------------------------------------------------------------
 7 Conclusion
------------------------------------------------------------------------------
) [37

] (./Thesis.lof)
\tf@lof=\write5
\openout5 = `Thesis.lof'.

 [38

] (./Thesis.lot)
\tf@lot=\write6
\openout6 = `Thesis.lot'.

 [39

] (./Appendices/AppendixA.tex
Appendix A.
------------------------------------------------------------------------------
 A Case Study Source Code
------------------------------------------------------------------------------
(./Primitives/Code/matmul1.c
LaTeX Font Info:    Font shape `OMS/cmr/m/n' in size <6> not available
(Font)              Font shape `OMS/cmsy/m/n' tried instead on input line 5.
LaTeX Font Info:    Try loading font information for OML+cmr on input line 8.
 (/usr/share/texmf-dist/tex/latex/base/omlcmr.fd
File: omlcmr.fd 1999/05/25 v2.5h Standard LaTeX font definitions
)
LaTeX Font Info:    Font shape `OML/cmr/m/n' in size <6> not available
(Font)              Font shape `OML/cmm/m/it' tried instead on input line 8.
)) (./Appendices/AppendixB.tex [40


]
Appendix B.
------------------------------------------------------------------------------
 B SPolly As Static Optimizer Pass
------------------------------------------------------------------------------

Underfull \hbox (badness 1052) in paragraph at lines 51--51
[]|\OT1/cmr/m/n/10.95 The max-i-mal con-stant term al-lowed (in the
 []


Underfull \hbox (badness 10000) in paragraph at lines 51--54

 []

) [41

] [42]
------------------------------------------------------------------------------
 Bibliography
------------------------------------------------------------------------------
(./Thesis.bbl
Underfull \hbox (badness 2837) in paragraph at lines 22--27
[]\OT1/cmr/m/n/10.95 Tobias Grosser, Hong-bin Zheng, Raghesh A, An-dreas Simb^^
?urger, Armin
 []


Underfull \hbox (badness 1221) in paragraph at lines 44--50
[]\OT1/cmr/m/n/10.95 Riyadh Bagh-dadi, Al-bert Co-hen, C^^Sedric Bas-toul, Loui
s-No^^?el Pouchet, and
 []

[43


])
Package atveryend Info: Empty hook `BeforeClearDocument' on input line 304.
 [44]
Package atveryend Info: Empty hook `AfterLastShipout' on input line 304.
 (./Thesis.aux)
Package atveryend Info: Executing hook `AtVeryEndDocument' on input line 304.
Package atveryend Info: Executing hook `AtEndAfterFileList' on input line 304.


Package rerunfilecheck Warning: File `Thesis.out' has changed.
(rerunfilecheck)                Rerun to get outlines right
(rerunfilecheck)                or use package `bookmark'.

Package rerunfilecheck Info: Checksums for `Thesis.out':
(rerunfilecheck)             Before: D07F27BB1AE903584D4FC48991591FB9;9270
(rerunfilecheck)             After:  72AB9B5A55E833DFC3AFCD6575FD862E;9366.

LaTeX Warning: There were undefined references.


LaTeX Warning: There were multiply-defined labels.

 ) 
Here is how much of TeX's memory you used:
 12819 strings out of 493629
 182335 string characters out of 3148779
 327302 words of memory out of 3000000
 15229 multiletter control sequences out of 15000+200000
 17453 words of font info for 66 fonts, out of 3000000 for 9000
 831 hyphenation exceptions out of 8191
 49i,16n,46p,423b,1308s stack positions out of 5000i,500n,10000p,200000b,50000s
pdfTeX warning (dest): name{table.caption.432} has been referenced but does n
ot exist, replaced by a fixed one

pdfTeX warning (dest): name{table.caption.287} has been referenced but does not
 exist, replaced by a fixed one

pdfTeX warning (dest): name{table.caption.273} has been referenced but does not
 exist, replaced by a fixed one

pdfTeX warning (dest): name{figure.caption.376} has been referenced but does no
t exist, replaced by a fixed one

pdfTeX warning (dest): name{figure.caption.324} has been referenced but does no
t exist, replaced by a fixed one

pdfTeX warning (dest): name{figure.caption.286} has been referenced but does no
t exist, replaced by a fixed one

pdfTeX warning (dest): name{figure.caption.284} has been referenced but does no
t exist, replaced by a fixed one

pdfTeX warning (dest): name{figure.caption.246} has been referenced but does no
t exist, replaced by a fixed one

pdfTeX warning (dest): name{figure.caption.218} has been referenced but does no
t exist, replaced by a fixed one

pdfTeX warning (dest): name{figure.caption.195} has been referenced but does no
t exist, replaced by a fixed one

pdfTeX warning (dest): name{figure.caption.191} has been referenced but does no
t exist, replaced by a fixed one

pdfTeX warning (dest): name{figure.caption.145} has been referenced but does no
t exist, replaced by a fixed one

pdfTeX warning (dest): name{figure.caption.118} has been referenced but does no
t exist, replaced by a fixed one

pdfTeX warning (dest): name{figure.caption.95} has been referenced but does not
 exist, replaced by a fixed one

pdfTeX warning (dest): name{figure.caption.91} has been referenced but does not
 exist, replaced by a fixed one

pdfTeX warning (dest): name{figure.caption.53} has been referenced but does not
 exist, replaced by a fixed one

pdfTeX warning (dest): name{table.caption.373} has been referenced but does not
 exist, replaced by a fixed one

pdfTeX warning (dest): name{figure.caption.351} has been referenced but does no
t exist, replaced by a fixed one

pdfTeX warning (dest): name{figure.caption.312} has been referenced but does no
t exist, replaced by a fixed one

pdfTeX warning (dest): name{figure.caption.299} has been referenced but does no
t exist, replaced by a fixed one

pdfTeX warning (dest): name{table.caption.294} has been referenced but does not
 exist, replaced by a fixed one

pdfTeX warning (dest): name{table.caption.279} has been referenced but does not
 exist, replaced by a fixed one

pdfTeX warning (dest): name{figure.caption.56} has been referenced but does not
 exist, replaced by a fixed one

pdfTeX warning (dest): name{subfigure.269} has been referenced but does not exi
st, replaced by a fixed one

pdfTeX warning (dest): name{Hfootnote.186} has been referenced but does not exi
st, replaced by a fixed one

pdfTeX warning (dest): name{Hfootnote.185} has been referenced but does not exi
st, replaced by a fixed one

pdfTeX warning (dest): name{table.caption.183} has been referenced but does not
 exist, replaced by a fixed one

pdfTeX warning (dest): name{figure.caption.181} has been referenced but does no
t exist, replaced by a fixed one

pdfTeX warning (dest): name{subfigure.157} has been referenced but does not exi
st, replaced by a fixed one

pdfTeX warning (dest): name{subfigure.176} has been referenced but does not exi
st, replaced by a fixed one

pdfTeX warning (dest): name{subfigure.209} has been referenced but does not exi
st, replaced by a fixed one

pdfTeX warning (dest): name{subfigure.196} has been referenced but does not exi
st, replaced by a fixed one

pdfTeX warning (dest): name{subfigure.192} has been referenced but does not exi
st, replaced by a fixed one

pdfTeX warning (dest): name{table.caption.88} has been referenced but does not 
exist, replaced by a fixed one

pdfTeX warning (dest): name{dummy.434} has been referenced but does not exist, 
replaced by a fixed one

pdfTeX warning (dest): name{appendix.431} has been referenced but does not exis
t, replaced by a fixed one

pdfTeX warning (dest): name{appendix.375} has been referenced but does not exis
t, replaced by a fixed one

pdfTeX warning (dest): name{chapter.374} has been referenced but does not exist
, replaced by a fixed one

pdfTeX warning (dest): name{section.296} has been referenced but does not exist
, replaced by a fixed one

pdfTeX warning (dest): name{chapter.295} has been referenced but does not exist
, replaced by a fixed one

pdfTeX warning (dest): name{section.292} has been referenced but does not exist
, replaced by a fixed one

pdfTeX warning (dest): name{subsection.291} has been referenced but does not ex
ist, replaced by a fixed one

pdfTeX warning (dest): name{subsection.281} has been referenced but does not ex
ist, replaced by a fixed one

pdfTeX warning (dest): name{section.280} has been referenced but does not exist
, replaced by a fixed one

pdfTeX warning (dest): name{section.278} has been referenced but does not exist
, replaced by a fixed one

pdfTeX warning (dest): name{chapter.277} has been referenced but does not exist
, replaced by a fixed one

pdfTeX warning (dest): name{section.275} has been referenced but does not exist
, replaced by a fixed one

pdfTeX warning (dest): name{subsection.274} has been referenced but does not ex
ist, replaced by a fixed one

pdfTeX warning (dest): name{section.271} has been referenced but does not exist
, replaced by a fixed one

pdfTeX warning (dest): name{subsection.245} has been referenced but does not ex
ist, replaced by a fixed one

pdfTeX warning (dest): name{subsection.182} has been referenced but does not ex
ist, replaced by a fixed one

pdfTeX warning (dest): name{section.180} has been referenced but does not exist
, replaced by a fixed one

pdfTeX warning (dest): name{chapter.179} has been referenced but does not exist
, replaced by a fixed one

pdfTeX warning (dest): name{section.178} has been referenced but does not exist
, replaced by a fixed one

pdfTeX warning (dest): name{subsection.177} has been referenced but does not ex
ist, replaced by a fixed one

pdfTeX warning (dest): name{section.144} has been referenced but does not exist
, replaced by a fixed one

pdfTeX warning (dest): name{subsection.117} has been referenced but does not ex
ist, replaced by a fixed one

pdfTeX warning (dest): name{subsection.94} has been referenced but does not exi
st, replaced by a fixed one

pdfTeX warning (dest): name{section.89} has been referenced but does not exist,
 replaced by a fixed one

pdfTeX warning (dest): name{section.55} has been referenced but does not exist,
 replaced by a fixed one

pdfTeX warning (dest): name{section.51} has been referenced but does not exist,
 replaced by a fixed one

</usr/share/texmf-dist/fonts/type1/public/amsfonts/cm/cmbx10.pfb></usr/share/te
xmf-dist/fonts/type1/public/amsfonts/cm/cmbx12.pfb></usr/share/texmf-dist/fonts
/type1/public/amsfonts/cm/cmcsc10.pfb></usr/share/texmf-dist/fonts/type1/public
/amsfonts/cm/cmmi10.pfb></usr/share/texmf-dist/fonts/type1/public/amsfonts/cm/c
mmi6.pfb></usr/share/texmf-dist/fonts/type1/public/amsfonts/cm/cmmi8.pfb></usr/
share/texmf-dist/fonts/type1/public/amsfonts/cm/cmr10.pfb></usr/share/texmf-dis
t/fonts/type1/public/amsfonts/cm/cmr12.pfb></usr/share/texmf-dist/fonts/type1/p
ublic/amsfonts/cm/cmr6.pfb></usr/share/texmf-dist/fonts/type1/public/amsfonts/c
m/cmr8.pfb></usr/share/texmf-dist/fonts/type1/public/amsfonts/cm/cmr9.pfb></usr
/share/texmf-dist/fonts/type1/public/amsfonts/cm/cmsl12.pfb></usr/share/texmf-d
ist/fonts/type1/public/amsfonts/cm/cmsy10.pfb></usr/share/texmf-dist/fonts/type
1/public/amsfonts/cm/cmsy6.pfb></usr/share/texmf-dist/fonts/type1/public/amsfon
ts/cm/cmsy8.pfb></usr/share/texmf-dist/fonts/type1/public/amsfonts/cm/cmti10.pf
b></usr/share/texmf-dist/fonts/type1/public/amsfonts/cm/cmti12.pfb></usr/share/
texmf-dist/fonts/type1/public/amsfonts/cm/cmtt10.pfb></usr/share/texmf-dist/fon
ts/type1/public/amsfonts/cm/cmtt8.pfb></usr/share/texmf-dist/fonts/type1/public
/amsfonts/symbols/msbm10.pfb>
Output written on Thesis.pdf (53 pages, 704958 bytes).
PDF statistics:
 1442 PDF objects out of 1728 (max. 8388607)
 1268 compressed objects within 13 object streams
 562 named destinations out of 1000 (max. 500000)
 510 words of extra memory for PDF output out of 10000 (max. 10000000)

